13-05-2024 09:42:42	This log contains information about the import schema operation into project 'AdamasKids_DB' on computer 'DESKTOP-9RQA7JH' by user 'Abhik'.
13-05-2024 09:42:42	Import of database schema has started.
13-05-2024 09:42:57	Gathering database credentials
13-05-2024 09:42:57	Gathering database options
13-05-2024 09:42:57	Gathering generic database scoped configuration option
13-05-2024 09:42:57	Gathering users
13-05-2024 09:42:57	Gathering roles
13-05-2024 09:42:57	Gathering application roles
13-05-2024 09:42:57	Gathering role memberships
13-05-2024 09:42:57	Gathering filegroups
13-05-2024 09:42:57	Gathering full-text catalogs
13-05-2024 09:42:57	Gathering assemblies
13-05-2024 09:42:57	Gathering certificates
13-05-2024 09:42:57	Gathering asymmetric keys
13-05-2024 09:42:57	Gathering symmetric keys
13-05-2024 09:42:57	Gathering encrypted symmetric keys
13-05-2024 09:42:57	Gathering schemas
13-05-2024 09:42:57	Gathering XML schema collections
13-05-2024 09:42:57	Gathering user-defined data types
13-05-2024 09:42:57	Gathering user-defined types
13-05-2024 09:42:57	Gathering table types
13-05-2024 09:42:57	Gathering unique keys for table types
13-05-2024 09:42:57	Gathering primary keys for table types
13-05-2024 09:42:57	Gathering indexes for table types
13-05-2024 09:42:58	Gathering check constraints for table types
13-05-2024 09:42:58	Gathering default constraints for table types
13-05-2024 09:42:58	Gathering partition functions
13-05-2024 09:42:58	Gathering partition schemes
13-05-2024 09:42:58	Gathering functions
13-05-2024 09:42:58	Gathering encrypted functions
13-05-2024 09:42:58	Gathering aggregates
13-05-2024 09:42:58	Gathering procedures
13-05-2024 09:43:04	Gathering encrypted procedures
13-05-2024 09:43:04	Gathering tables
13-05-2024 09:43:05	Gathering primary keys
13-05-2024 09:43:05	Gathering unique constraints
13-05-2024 09:43:05	Gathering foreign keys
13-05-2024 09:43:06	Gathering default constraints
13-05-2024 09:43:06	Gathering check constraints
13-05-2024 09:43:06	Gathering views
13-05-2024 09:43:06	Gathering encrypted views
13-05-2024 09:43:06	Gathering indexes
13-05-2024 09:43:06	Gathering statistics
13-05-2024 09:43:06	Gathering full-text index stoplists
13-05-2024 09:43:06	Gathering search property lists
13-05-2024 09:43:06	Gathering search properties
13-05-2024 09:43:06	Gathering full-text indexes
13-05-2024 09:43:06	Gathering column store indexes
13-05-2024 09:43:06	Gathering spatial indexes
13-05-2024 09:43:06	Gathering XML indexes
13-05-2024 09:43:06	Gathering Selective XML indexes
13-05-2024 09:43:06	Gathering encrypted triggers
13-05-2024 09:43:06	Gathering triggers
13-05-2024 09:43:06	Gathering encrypted and clr ddl triggers
13-05-2024 09:43:06	Gathering ddl triggers
13-05-2024 09:43:06	Creating edge constraints
13-05-2024 09:43:06	Gathering synonyms
13-05-2024 09:43:06	Gathering defaults
13-05-2024 09:43:06	Gathering data constraint uddt bindings
13-05-2024 09:43:06	Gathering rules
13-05-2024 09:43:06	Gathering data constraint uddt bindings
13-05-2024 09:43:06	Gathering message types
13-05-2024 09:43:06	Gathering queues
13-05-2024 09:43:06	Gathering contracts
13-05-2024 09:43:06	Gathering services
13-05-2024 09:43:06	Gathering event notifications
13-05-2024 09:43:06	Gathering remote service bindings
13-05-2024 09:43:06	Gathering broker priorities
13-05-2024 09:43:06	Gathering signatures
13-05-2024 09:43:06	Gathering data compression options
13-05-2024 09:43:06	Gathering sequence types
13-05-2024 09:43:06	Gathering security policies
13-05-2024 09:43:06	Gather column encryption keys
13-05-2024 09:43:06	Gathering column master keys
13-05-2024 09:43:06	Gathering external data sources
13-05-2024 09:43:06	Gathering external file formats
13-05-2024 09:43:06	Gathering external tables
13-05-2024 09:43:06	Gathering extended properties
13-05-2024 09:43:06	Gathering assemblies
13-05-2024 09:43:08	Gathering credentials
13-05-2024 09:43:08	Gathering logins
13-05-2024 09:43:08	Gathering server audits
13-05-2024 09:43:12	Scanning project for duplicate elements
13-05-2024 09:43:13	Finished duplicate element processing
13-05-2024 09:43:22	Finished importing database.
13-05-2024 09:43:22	A summary of the import was saved to the following location: C:\Users\Admin\source\repos\AdamasKids\AdamasKids_DB\Import Schema Logs\AdamasKids_DB_20240513041242.log
13-05-2024 09:43:22	Click Finish to continue...
